<?xml version="1.0" encoding="UTF-8"?>
<testng-results ignored="5" total="7" passed="2" failed="0" skipped="0">
  <reporter-output>
  </reporter-output>
  <suite started-at="2024-09-05T04:46:09Z" name="Suite" finished-at="2024-09-05T04:48:30Z" duration-ms="141180">
    <groups>
      <group name="smokeTest">
        <method signature="CreateContactTest.CreateContactTest()[pri:0, instance:com.comcast.crm.contacttest.CreateContactTest@558bdf1f]" name="CreateContactTest" class="com.comcast.crm.contacttest.CreateContactTest"/>
        <method signature="CreateOrganizationTest.createOrganizationTest()[pri:0, instance:com.comcast.crm.orgtest.CreateOrganizationTest@8576fa0]" name="createOrganizationTest" class="com.comcast.crm.orgtest.CreateOrganizationTest"/>
      </group> <!-- smokeTest -->
    </groups>
    <test started-at="2024-09-05T04:46:09Z" name="Test" finished-at="2024-09-05T04:48:30Z" duration-ms="141180">
      <class name="com.comcast.crm.orgtest.CreateOrganizationTest">
        <test-method is-config="true" signature="configBC()[pri:0, instance:com.comcast.crm.orgtest.CreateOrganizationTest@8576fa0]" started-at="2024-09-05T04:47:36Z" name="configBC" finished-at="2024-09-05T04:47:41Z" duration-ms="5131" status="PASS">
          <reporter-output>
          </reporter-output>
        </test-method> <!-- configBC -->
        <test-method is-config="true" signature="configBM()[pri:0, instance:com.comcast.crm.orgtest.CreateOrganizationTest@8576fa0]" started-at="2024-09-05T04:47:41Z" name="configBM" finished-at="2024-09-05T04:47:52Z" duration-ms="10907" status="PASS">
          <reporter-output>
          </reporter-output>
        </test-method> <!-- configBM -->
        <test-method signature="createOrganizationTest()[pri:0, instance:com.comcast.crm.orgtest.CreateOrganizationTest@8576fa0]" started-at="2024-09-05T04:47:52Z" name="createOrganizationTest" finished-at="2024-09-05T04:48:26Z" duration-ms="34579" status="PASS">
          <reporter-output>
          </reporter-output>
        </test-method> <!-- createOrganizationTest -->
        <test-method is-config="true" signature="configAM()[pri:0, instance:com.comcast.crm.orgtest.CreateOrganizationTest@8576fa0]" started-at="2024-09-05T04:48:26Z" name="configAM" finished-at="2024-09-05T04:48:29Z" duration-ms="3054" status="PASS">
          <reporter-output>
          </reporter-output>
        </test-method> <!-- configAM -->
        <test-method is-config="true" signature="configAC()[pri:0, instance:com.comcast.crm.orgtest.CreateOrganizationTest@8576fa0]" started-at="2024-09-05T04:48:29Z" name="configAC" finished-at="2024-09-05T04:48:30Z" duration-ms="783" status="PASS">
          <reporter-output>
          </reporter-output>
        </test-method> <!-- configAC -->
      </class> <!-- com.comcast.crm.orgtest.CreateOrganizationTest -->
      <class name="com.comcast.crm.contacttest.CreateContactTest">
        <test-method is-config="true" signature="configBC()[pri:0, instance:com.comcast.crm.contacttest.CreateContactTest@558bdf1f]" started-at="2024-09-05T04:46:09Z" name="configBC" finished-at="2024-09-05T04:46:21Z" duration-ms="12159" status="PASS">
          <reporter-output>
          </reporter-output>
        </test-method> <!-- configBC -->
        <test-method is-config="true" signature="configBM()[pri:0, instance:com.comcast.crm.contacttest.CreateContactTest@558bdf1f]" started-at="2024-09-05T04:46:21Z" name="configBM" finished-at="2024-09-05T04:46:51Z" duration-ms="30097" status="PASS">
          <reporter-output>
          </reporter-output>
        </test-method> <!-- configBM -->
        <test-method signature="CreateContactTest()[pri:0, instance:com.comcast.crm.contacttest.CreateContactTest@558bdf1f]" started-at="2024-09-05T04:46:51Z" name="CreateContactTest" finished-at="2024-09-05T04:47:28Z" duration-ms="36628" status="PASS">
          <reporter-output>
          </reporter-output>
        </test-method> <!-- CreateContactTest -->
        <test-method is-config="true" signature="configAM()[pri:0, instance:com.comcast.crm.contacttest.CreateContactTest@558bdf1f]" started-at="2024-09-05T04:47:28Z" name="configAM" finished-at="2024-09-05T04:47:33Z" duration-ms="5532" status="PASS">
          <reporter-output>
          </reporter-output>
        </test-method> <!-- configAM -->
        <test-method is-config="true" signature="configAC()[pri:0, instance:com.comcast.crm.contacttest.CreateContactTest@558bdf1f]" started-at="2024-09-05T04:47:33Z" name="configAC" finished-at="2024-09-05T04:47:36Z" duration-ms="2246" status="PASS">
          <reporter-output>
          </reporter-output>
        </test-method> <!-- configAC -->
        <test-method is-config="true" signature="configAS()[pri:0, instance:com.comcast.crm.contacttest.CreateContactTest@558bdf1f]" started-at="2024-09-05T04:48:30Z" name="configAS" finished-at="2024-09-05T04:48:30Z" duration-ms="16" status="PASS">
          <reporter-output>
          </reporter-output>
        </test-method> <!-- configAS -->
      </class> <!-- com.comcast.crm.contacttest.CreateContactTest -->
    </test> <!-- Test -->
  </suite> <!-- Suite -->
</testng-results>
