<?xml version="1.0" encoding="UTF-8"?>
<!-- Generated by org.testng.reporters.JUnitXMLReporter -->
<testsuite ignored="0" hostname="DESKTOP-S552G9G" failures="0" tests="3" name="TestRunner-firefox" time="109.661" errors="0" timestamp="22 Aug 2024 09:32:00 GMT">
  <testcase classname="com.comcast.crm.orgtest.CreateOrganizationTest" name="CreateOrganizationWithIndustryTest" time="17.846"/>
  <testcase classname="com.comcast.crm.orgtest.CreateOrganizationTest" name="createOrganizationTest" time="20.955"/>
  <testcase classname="com.comcast.crm.orgtest.CreateOrganizationTest" name="createOrganizationWithNumberTest" time="24.522"/>
</testsuite> <!-- TestRunner-firefox -->
