<?xml version="1.0" encoding="UTF-8"?>
<!-- Generated by org.testng.reporters.JUnitXMLReporter -->
<testsuite ignored="0" hostname="DESKTOP-S552G9G" failures="0" tests="3" name="Test1" time="83.787" errors="0" timestamp="28 Aug 2024 12:51:26 GMT">
  <testcase classname="com.comcast.crm.orgtest.CreateOrganizationTest" name="CreateOrganizationWithIndustryTest" time="16.894"/>
  <testcase classname="com.comcast.crm.orgtest.CreateOrganizationTest" name="createOrganizationTest" time="23.016"/>
  <testcase classname="com.comcast.crm.orgtest.CreateOrganizationTest" name="createOrganizationWithNumberTest" time="14.039"/>
</testsuite> <!-- Test1 -->
