<?xml version="1.0" encoding="UTF-8"?>
<!-- Generated by org.testng.reporters.JUnitXMLReporter -->
<testsuite ignored="0" hostname="DESKTOP-S552G9G" failures="0" tests="3" name="Test2" time="92.794" errors="0" timestamp="28 Aug 2024 12:51:35 GMT">
  <testcase classname="com.comcast.crm.contacttest.CreateContactTest" name="CreateContactTest" time="18.187"/>
  <testcase classname="com.comcast.crm.contacttest.CreateContactTest" name="createContactWithOrgTest" time="39.377"/>
  <testcase classname="com.comcast.crm.contacttest.CreateContactTest" name="createContactWithSupportDateTest" time="11.241"/>
</testsuite> <!-- Test2 -->
