<?xml version="1.0" encoding="UTF-8"?>
<!-- Generated by org.testng.reporters.JUnitXMLReporter -->
<testsuite ignored="0" hostname="DESKTOP-S552G9G" failures="0" tests="3" name="TestRunner-chrome" time="121.684" errors="0" timestamp="22 Aug 2024 09:32:12 GMT">
  <testcase classname="com.comcast.crm.contacttest.CreateContactTest" name="CreateContactTest" time="22.941"/>
  <testcase classname="com.comcast.crm.contacttest.CreateContactTest" name="createContactWithOrgTest" time="43.695"/>
  <testcase classname="com.comcast.crm.contacttest.CreateContactTest" name="createContactWithSupportDateTest" time="19.604"/>
</testsuite> <!-- TestRunner-chrome -->
