<?xml version="1.0" encoding="UTF-8"?>
<!-- Generated by org.testng.reporters.JUnitXMLReporter -->
<testsuite ignored="2" hostname="DESKTOP-S552G9G" failures="0" tests="1" name="Default test" time="1132.747" errors="0" timestamp="29 Aug 2024 12:58:56 GMT">
  <testcase classname="com.comcast.crm.orgtest.CreateOrganizationTest" name="createOrganizationTest" time="42.449"/>
  <testcase classname="com.comcast.crm.orgtest.CreateOrganizationTest" name="createOrganizationWithNumberTest" time="0.0">
    <ignored/>
  </testcase> <!-- createOrganizationWithNumberTest -->
  <testcase classname="com.comcast.crm.orgtest.CreateOrganizationTest" name="CreateOrganizationWithIndustryTest" time="0.0">
    <ignored/>
  </testcase> <!-- CreateOrganizationWithIndustryTest -->
</testsuite> <!-- Default test -->
